<?xml version="1.0" encoding="UTF-8"?>
<!-- Generated by org.testng.reporters.JUnitReportReporter -->
<testsuite name="testcases.TC006_DuplicateLead" tests="2" time="54.823" ignored="0" failures="0" timestamp="14 Mar 2018 18:25:50 GMT" skipped="0" hostname="Vinay" errors="0">
  <testcase name="DeleteLeads" time="26.963" classname="testcases.TC006_DuplicateLead"/>
  <testcase name="DeleteLeads" time="27.860" classname="testcases.TC006_DuplicateLead"/>
</testsuite> <!-- testcases.TC006_DuplicateLead -->
