<?xml version="1.0" encoding="UTF-8"?>
<!-- Generated by org.testng.reporters.JUnitReportReporter -->
<testsuite name="testcases.TC002_LoginForNegative" tests="4" time="32.830" ignored="3" failures="0" timestamp="24 Mar 2018 04:43:16 GMT" skipped="4" hostname="Vinay" errors="0">
  <testcase name="loginAndLogout" time="32.812" classname="testcases.TC002_LoginForNegative">
    <skipped/>
  </testcase> <!-- loginAndLogout -->
  <testcase name="loginAndLogout" time="0.005" classname="testcases.TC002_LoginForNegative">
    <skipped/>
  </testcase> <!-- loginAndLogout -->
  <testcase name="loginAndLogout" time="0.011" classname="testcases.TC002_LoginForNegative">
    <skipped/>
  </testcase> <!-- loginAndLogout -->
  <testcase name="loginAndLogout" time="0.002" classname="testcases.TC002_LoginForNegative">
    <skipped/>
  </testcase> <!-- loginAndLogout -->
  <testcase name="afterTest" classname="wdMethods.ProjectMethods">
    <skipped/>
  </testcase> <!-- afterTest -->
  <testcase name="beforeSuite" classname="wdMethods.ProjectMethods">
    <skipped/>
  </testcase> <!-- beforeSuite -->
  <testcase name="afterSuite" classname="wdMethods.ProjectMethods">
    <skipped/>
  </testcase> <!-- afterSuite -->
</testsuite> <!-- testcases.TC002_LoginForNegative -->
