<?xml version="1.0" encoding="UTF-8"?>
<!-- Generated by org.testng.reporters.JUnitReportReporter -->
<testsuite name="testcases.Jquery1" tests="1" time="11.022" ignored="0" failures="0" timestamp="26 Jan 2020 07:15:20 GMT" skipped="0" hostname="THE_EXPANDABLES" errors="0">
  <testcase name="dragTest" time="11.022" classname="testcases.Jquery1"/>
</testsuite> <!-- testcases.Jquery1 -->
