<?xml version="1.0" encoding="UTF-8"?>
<!-- Generated by org.testng.reporters.JUnitReportReporter -->
<testsuite name="testcases.TC007_MergeLeads" tests="2" time="66.271" ignored="0" failures="0" timestamp="15 Mar 2018 18:32:11 GMT" skipped="0" hostname="Vinay" errors="0">
  <testcase name="DeleteLeads" time="37.493" classname="testcases.TC007_MergeLeads"/>
  <testcase name="DeleteLeads" time="28.778" classname="testcases.TC007_MergeLeads"/>
</testsuite> <!-- testcases.TC007_MergeLeads -->
