<?xml version="1.0" encoding="UTF-8"?>
<!-- Generated by org.testng.reporters.JUnitReportReporter -->
<testsuite name="testcases.TC005_DeleteLead" tests="2" time="62.127" ignored="0" failures="0" timestamp="13 Mar 2018 18:10:56 GMT" skipped="0" hostname="Vinay" errors="0">
  <testcase name="DeleteLeads" time="32.022" classname="testcases.TC005_DeleteLead"/>
  <testcase name="DeleteLeads" time="30.105" classname="testcases.TC005_DeleteLead"/>
</testsuite> <!-- testcases.TC005_DeleteLead -->
