<?xml version="1.0" encoding="UTF-8"?>
<!-- Generated by org.testng.reporters.JUnitReportReporter -->
<testsuite name="testcases.jquery" tests="1" time="18.442" ignored="0" failures="0" timestamp="26 Jan 2020 07:14:24 GMT" skipped="0" hostname="THE_EXPANDABLES" errors="0">
  <testcase name="JQUERY" time="18.442" classname="testcases.jquery"/>
</testsuite> <!-- testcases.jquery -->
