<?xml version="1.0" encoding="UTF-8"?>
<!-- Generated by org.testng.reporters.JUnitReportReporter -->
<testsuite name="testcases.TC004_EditLead" tests="2" time="53.793" ignored="0" failures="0" timestamp="13 Mar 2018 18:39:19 GMT" skipped="0" hostname="Vinay" errors="0">
  <testcase name="CreateLeads" time="28.891" classname="testcases.TC004_EditLead"/>
  <testcase name="CreateLeads" time="24.902" classname="testcases.TC004_EditLead"/>
</testsuite> <!-- testcases.TC004_EditLead -->
