<?xml version="1.0" encoding="UTF-8"?>
<!-- Generated by org.testng.reporters.JUnitReportReporter -->
<testsuite name="testcases.FlipKart" tests="1" time="20.045" ignored="0" failures="0" timestamp="15 May 2018 15:59:12 GMT" skipped="0" hostname="Vinay" errors="0">
  <testcase name="mouseOver" time="20.045" classname="testcases.FlipKart"/>
</testsuite> <!-- testcases.FlipKart -->
