<?xml version="1.0" encoding="UTF-8"?>
<!-- Generated by org.testng.reporters.JUnitReportReporter -->
<testsuite name="testcases.AlertSnap" tests="1" time="9.255" ignored="0" failures="0" timestamp="15 May 2018 16:43:20 GMT" skipped="0" hostname="Vinay" errors="0">
  <testcase name="alertSnap" time="9.255" classname="testcases.AlertSnap"/>
</testsuite> <!-- testcases.AlertSnap -->
