<?xml version="1.0" encoding="UTF-8"?>
<!-- Generated by org.testng.reporters.JUnitReportReporter -->
<testsuite name="testcases.TC003_CreateLead" tests="2" time="49.794" ignored="0" failures="0" timestamp="24 Mar 2018 05:14:39 GMT" skipped="0" hostname="Vinay" errors="0">
  <testcase name="CreateLeads" time="26.262" classname="testcases.TC003_CreateLead"/>
  <testcase name="CreateLeads" time="23.532" classname="testcases.TC003_CreateLead"/>
</testsuite> <!-- testcases.TC003_CreateLead -->
